{"message":"server started on port 8000 (development)","level":"info"}
{"message":"server started on port 8000 (development)","level":"info"}
{"message":"server started on port 8000 (development)","level":"info"}
{"message":"MongoDB connection error: MongooseTimeoutError: Server selection timed out after 30000 ms","level":"error"}
{"message":"server started on port 8000 (development)","level":"info"}
{"message":"server started on port 8000 (development)","level":"info"}
{"message":"server started on port 8000 (development)","level":"info"}
{"message":"server started on port 8000 (development)","level":"info"}
{"message":"server started on port 8000 (development)","level":"info"}
{"message":"server started on port 8000 (development)","level":"info"}
{"message":"server started on port 8000 (development)","level":"info"}
{"message":"server started on port 8000 (development)","level":"info"}
{"message":"server started on port 8000 (development)","level":"info"}
{"message":"server started on port 8000 (development)","level":"info"}
{"message":"server started on port 8000 (development)","level":"info"}
{"message":"server started on port 8000 (development)","level":"info"}
{"message":"server started on port 8000 (development)","level":"info"}
{"message":"server started on port 8000 (development)","level":"info"}
{"message":"server started on port 8000 (development)","level":"info"}
{"message":"server started on port 8000 (development)","level":"info"}
{"message":"server started on port 8000 (development)","level":"info"}
{"message":"server started on port 8000 (development)","level":"info"}
{"message":"server started on port 8000 (development)","level":"info"}
{"message":"server started on port 8000 (development)","level":"info"}
{"message":"server started on port 8000 (development)","level":"info"}
{"message":"server started on port 8000 (development)","level":"info"}
{"message":"server started on port 8000 (development)","level":"info"}
{"message":"server started on port 8000 (development)","level":"info"}
{"message":"server started on port 8000 (development)","level":"info"}
{"message":"server started on port 8000 (development)","level":"info"}
{"message":"server started on port 8000 (development)","level":"info"}
{"message":"server started on port 8000 (development)","level":"info"}
{"message":"server started on port 8000 (development)","level":"info"}
{"message":"server started on port 8000 (development)","level":"info"}
{"message":"server started on port 8000 (development)","level":"info"}
{"message":"server started on port 8000 (development)","level":"info"}
{"message":"server started on port 8000 (development)","level":"info"}
{"message":"server started on port 8000 (development)","level":"info"}
{"message":"server started on port 8000 (development)","level":"info"}
{"message":"server started on port 8000 (development)","level":"info"}
{"message":"server started on port 8000 (development)","level":"info"}
{"message":"server started on port 8000 (development)","level":"info"}
{"message":"server started on port 8000 (development)","level":"info"}
{"message":"server started on port 8000 (development)","level":"info"}
{"message":"server started on port 8000 (development)","level":"info"}
{"message":"server started on port 8000 (development)","level":"info"}
{"message":"server started on port 8000 (development)","level":"info"}
{"message":"server started on port 8000 (development)","level":"info"}
{"message":"server started on port 8000 (development)","level":"info"}
{"message":"server started on port 8000 (development)","level":"info"}
{"message":"server started on port 8000 (development)","level":"info"}
{"message":"server started on port 8000 (development)","level":"info"}
{"message":"server started on port 8000 (development)","level":"info"}
{"message":"server started on port 8000 (development)","level":"info"}
{"message":"server started on port 8000 (development)","level":"info"}
{"message":"server started on port 8000 (development)","level":"info"}
{"message":"server started on port 8000 (development)","level":"info"}
{"message":"server started on port 8000 (development)","level":"info"}
{"message":"server started on port 8000 (development)","level":"info"}
{"message":"server started on port 8000 (development)","level":"info"}
{"message":"server started on port 8000 (development)","level":"info"}
{"message":"server started on port 8000 (development)","level":"info"}
{"message":"server started on port 8000 (development)","level":"info"}
{"message":"server started on port 8000 (development)","level":"info"}
{"message":"server started on port 8000 (development)","level":"info"}
{"message":"server started on port 8000 (development)","level":"info"}
{"message":"server started on port 8000 (development)","level":"info"}
{"message":"server started on port 8000 (development)","level":"info"}
{"message":"server started on port 8000 (development)","level":"info"}
{"message":"server started on port 8000 (development)","level":"info"}
{"message":"server started on port 8000 (development)","level":"info"}
{"message":"product.controller: create: ","level":"info"}
{"message":"product.controller: list: ","level":"info"}
{"message":"product.controller: get: ","level":"info"}
{"message":"product.controller: delete: ","level":"info"}
{"message":"server started on port 8000 (development)","level":"info"}
{"message":"product.controller: delete: ","level":"info"}
{"level":"error"}
{"message":"product.controller: list: ","level":"info"}
{"message":"product.controller: create: ","level":"info"}
{"message":"server started on port 8000 (development)","level":"info"}
{"message":"server started on port 8000 (development)","level":"info"}
{"message":"server started on port 8000 (development)","level":"info"}
{"message":"server started on port 8000 (development)","level":"info"}
{"message":"server started on port 8000 (development)","level":"info"}
{"message":"server started on port 8000 (development)","level":"info"}
{"message":"server started on port 8000 (development)","level":"info"}
{"message":"server started on port 8000 (development)","level":"info"}
{"message":"server started on port 8000 (development)","level":"info"}
{"message":"server started on port 8000 (development)","level":"info"}
{"message":"server started on port 8000 (development)","level":"info"}
{"message":"server started on port 8000 (development)","level":"info"}
{"message":"server started on port 8000 (development)","level":"info"}
{"message":"server started on port 8000 (development)","level":"info"}
{"message":"server started on port 8000 (development)","level":"info"}
{"message":"server started on port 8000 (development)","level":"info"}
{"message":"server started on port 8000 (development)","level":"info"}
{"message":"server started on port 8000 (development)","level":"info"}
{"message":"server started on port 8000 (development)","level":"info"}
{"message":"server started on port 8000 (development)","level":"info"}
{"message":"server started on port 8000 (development)","level":"info"}
{"message":"server started on port 8000 (development)","level":"info"}
{"message":"server started on port 8000 (development)","level":"info"}
{"message":"server started on port 8000 (development)","level":"info"}
{"message":"product.controller: list: ","level":"info"}
{"message":"server started on port 8000 (development)","level":"info"}
{"message":"server started on port 8000 (development)","level":"info"}
{"message":"server started on port 8000 (development)","level":"info"}
{"message":"server started on port 8000 (development)","level":"info"}
{"message":"review.controller: create: ","level":"info"}
{"level":"error"}
{"message":"product.controller: create: ","level":"info"}
{"message":"review.controller: create: ","level":"info"}
{"level":"error"}
{"message":"server started on port 8000 (development)","level":"info"}
{"message":"review.controller: create: ","level":"info"}
{"level":"error"}
{"message":"server started on port 8000 (development)","level":"info"}
{"message":"review.controller: create: ","level":"info"}
{"message":"review.controller: list: ","level":"info"}
{"message":"review.controller: list: ","level":"info"}
{"message":"review.controller: list: ","level":"info"}
{"message":"review.controller: list: ","level":"info"}
{"message":"review.controller: approve","level":"info"}
{"level":"error"}
{"message":"server started on port 8000 (development)","level":"info"}
{"message":"review.controller: approve","level":"info"}
{"message":"product.controller: get: ","level":"info"}
{"message":"product.controller: list: ","level":"info"}
{"message":"product.controller: get: ","level":"info"}
{"message":"server started on port 8000 (development)","level":"info"}
{"message":"server started on port 8000 (development)","level":"info"}
{"message":"server started on port 8000 (development)","level":"info"}
{"message":"review.controller: getRatting","level":"info"}
{"message":"review.controller: approve","level":"info"}
{"message":"server started on port 8000 (development)","level":"info"}
{"message":"server started on port 8000 (development)","level":"info"}
{"message":"review.controller: getRatting","level":"info"}
{"message":"server started on port 8000 (development)","level":"info"}
{"message":"product.controller: list: ","level":"info"}
{"message":"review.controller: getRatting","level":"info"}
{"level":"error"}
{"message":"review.controller: getRatting","level":"info"}
{"level":"error"}
{"message":"server started on port 8000 (development)","level":"info"}
{"message":"review.controller: getRatting","level":"info"}
{"message":"server started on port 8000 (development)","level":"info"}
{"message":"review.controller: approve","level":"info"}
{"message":"product.controller: list: ","level":"info"}
{"message":"server started on port 8000 (development)","level":"info"}
{"message":"server started on port 8000 (development)","level":"info"}
{"message":"review.controller: approve","level":"info"}
{"message":"product.controller: list: ","level":"info"}
{"message":"product.controller: list: ","level":"info"}
{"message":"review.controller: approve","level":"info"}
{"message":"review.controller: approve","level":"info"}
{"message":"review.controller: approve","level":"info"}
{"message":"review.controller: approve","level":"info"}
{"message":"product.controller: list: ","level":"info"}
{"message":"server started on port 8000 (development)","level":"info"}
{"message":"server started on port 8000 (development)","level":"info"}
{"message":"review.controller: getRatting","level":"info"}
{"message":"server started on port 8000 (development)","level":"info"}
{"message":"server started on port 8000 (development)","level":"info"}
{"message":"review.controller: getRatting","level":"info"}
{"message":"server started on port 8000 (development)","level":"info"}
{"message":"review.controller: getRatting","level":"info"}
{"message":"server started on port 8000 (development)","level":"info"}
{"message":"server started on port 8000 (development)","level":"info"}
{"message":"review.controller: getRatting","level":"info"}
{"message":"server started on port 8000 (development)","level":"info"}
{"message":"review.controller: list: ","level":"info"}
{"message":"review.controller: getRatting","level":"info"}
{"message":"server started on port 8000 (development)","level":"info"}
{"message":"review.controller: getRatting","level":"info"}
{"message":"product.controller: list: ","level":"info"}
{"message":"review.controller: getRatting","level":"info"}
{"message":"server started on port 8000 (development)","level":"info"}
{"message":"server started on port 8000 (development)","level":"info"}
{"message":"product.controller: create: ","level":"info"}
{"message":"server started on port 8000 (development)","level":"info"}
